c:\xampp\mysql\bin\mysqld.exe, Version: 10.4.28-MariaDB-log (mariadb.org binary distribution). started with:
TCP Port: 3306, Named Pipe: C:/xampp/mysql/mysql.sock
Time		    Id Command	Argument
		    66 Query	SHOW WARNINGS
		    66 Query	SHOW SESSION VARIABLES LIKE 'FOREIGN_KEY_CHECKS'
		    65 Query	SELECT `comment` FROM `phpmyadmin`.`pma__column_info` WHERE db_name = 'catmarketing' AND table_name  = '' AND column_name = '(db_comment)'
		    66 Query	SHOW TABLES FROM `catmarketing`
		    66 Query	SELECT 1 FROM (SELECT `GRANTEE`, `IS_GRANTABLE` FROM `INFORMATION_SCHEMA`.`COLUMN_PRIVILEGES` UNION SELECT `GRANTEE`, `IS_GRANTABLE` FROM `INFORMATION_SCHEMA`.`TABLE_PRIVILEGES` UNION SELECT `GRANTEE`, `IS_GRANTABLE` FROM `INFORMATION_SCHEMA`.`SCHEMA_PRIVILEGES` UNION SELECT `GRANTEE`, `IS_GRANTABLE` FROM `INFORMATION_SCHEMA`.`USER_PRIVILEGES`) t WHERE `IS_GRANTABLE` = 'YES' AND '''root''@''localhost''' LIKE `GRANTEE` LIMIT 1
		    66 Query	SELECT `PRIVILEGE_TYPE` FROM `INFORMATION_SCHEMA`.`USER_PRIVILEGES` WHERE GRANTEE='''root''@''localhost''' AND PRIVILEGE_TYPE='EVENT'
		    66 Query	SELECT `PRIVILEGE_TYPE` FROM `INFORMATION_SCHEMA`.`USER_PRIVILEGES` WHERE GRANTEE='''root''@''localhost''' AND PRIVILEGE_TYPE='TRIGGER'
		    66 Quit	
		    65 Quit	
241213 15:10:35	    67 Connect	root@localhost as anonymous on catmarketing
		    67 Query	SELECT * FROM register WHERE email = 'uniqueuser843@gmail.com'
		    67 Query	SELECT COUNT(*) AS count FROM compani
		    67 Query	SELECT COUNT(*) AS branch_count FROM branches
		    67 Query	SELECT COUNT(*) AS dept_count FROM departments
		    67 Quit	
241213 15:10:37	    68 Connect	root@localhost as anonymous on catmarketing
		    68 Query	SELECT * FROM register WHERE email = 'uniqueuser843@gmail.com'
		    69 Connect	root@localhost as anonymous on catmarketing
		    68 Quit	
		    69 Query	SELECT * FROM box ORDER BY box_id DESC
		    69 Query	SELECT * FROM compani WHERE comp_id= '10'
		    69 Query	SELECT * FROM branches WHERE branch_id= '4'
		    69 Query	SELECT * FROM compani WHERE comp_id= '10'
		    69 Query	SELECT * FROM branches WHERE branch_id= '4'
		    69 Query	SELECT * FROM compani WHERE comp_id= '10'
		    69 Query	SELECT * FROM branches WHERE branch_id= '4'
		    69 Query	SELECT * FROM compani WHERE comp_id= '9'
		    69 Query	SELECT * FROM branches WHERE branch_id= '2'
		    69 Query	SELECT * FROM compani WHERE comp_id= '10'
		    69 Query	SELECT * FROM branches WHERE branch_id= '4'
		    69 Query	SELECT * FROM compani WHERE comp_id= '9'
		    69 Query	SELECT * FROM branches WHERE branch_id= '2'
		    69 Query	SELECT * FROM compani WHERE comp_id= '9'
		    69 Query	SELECT * FROM branches WHERE branch_id= '2'
		    69 Quit	
241213 15:10:39	    70 Connect	root@localhost as anonymous on catmarketing
		    70 Query	SELECT * FROM register WHERE email = 'uniqueuser843@gmail.com'
		    70 Query	SELECT comp_id, comp_name, acc_desc FROM compani
		    70 Quit	
241213 15:10:42	    71 Connect	root@localhost as anonymous on catmarketing
		    71 Query	SELECT branch_id, branch_name FROM branches WHERE comp_id_fk = '10'
		    71 Quit	
241213 15:10:43	    72 Connect	root@localhost as anonymous on catmarketing
		    72 Query	SELECT dept_id, dept_name FROM departments WHERE branch_id_fk = '4'
		    72 Quit	
241213 15:10:50	    73 Connect	root@localhost as anonymous on catmarketing
		    73 Query	SELECT * FROM register WHERE email = 'uniqueuser843@gmail.com'
		    73 Query	SELECT * FROM box WHERE barcode = '42132132'
		    73 Query	INSERT INTO box (comp_id_fk, branch_id_fk, dept_id_fk, object, barcode, alt_code, box_desc, status) 
            VALUES ('10', '4', '3','FileFolder',  '42132132', '21321321', '', 'In')
		    73 Quit	
		    74 Connect	root@localhost as anonymous on catmarketing
		    74 Query	SELECT * FROM register WHERE email = 'uniqueuser843@gmail.com'
		    74 Query	SELECT comp_id, comp_name, acc_desc FROM compani
		    74 Quit	
241213 15:10:53	    75 Connect	root@localhost as anonymous on catmarketing
		    75 Query	SELECT * FROM register WHERE email = 'uniqueuser843@gmail.com'
		    76 Connect	root@localhost as anonymous on catmarketing
		    75 Quit	
		    76 Query	SELECT * FROM box ORDER BY box_id DESC
		    76 Query	SELECT * FROM compani WHERE comp_id= '10'
		    76 Query	SELECT * FROM branches WHERE branch_id= '4'
		    76 Query	SELECT * FROM compani WHERE comp_id= '10'
		    76 Query	SELECT * FROM branches WHERE branch_id= '4'
		    76 Query	SELECT * FROM compani WHERE comp_id= '10'
		    76 Query	SELECT * FROM branches WHERE branch_id= '4'
		    76 Query	SELECT * FROM compani WHERE comp_id= '10'
		    76 Query	SELECT * FROM branches WHERE branch_id= '4'
		    76 Query	SELECT * FROM compani WHERE comp_id= '9'
		    76 Query	SELECT * FROM branches WHERE branch_id= '2'
		    76 Query	SELECT * FROM compani WHERE comp_id= '10'
		    76 Query	SELECT * FROM branches WHERE branch_id= '4'
		    76 Query	SELECT * FROM compani WHERE comp_id= '9'
		    76 Query	SELECT * FROM branches WHERE branch_id= '2'
		    76 Query	SELECT * FROM compani WHERE comp_id= '9'
		    76 Query	SELECT * FROM branches WHERE branch_id= '2'
		    76 Quit	
